<?xml version="1.0" encoding="UTF-8"?>
<testng-results skipped="0" failed="0" ignored="0" total="0" passed="0">
  <reporter-output>
  </reporter-output>
  <suite name="pack1.AppTest" duration-ms="11" started-at="2022-01-24T15:55:19Z" finished-at="2022-01-24T15:55:19Z">
    <groups>
    </groups>
    <test name="Command line test" duration-ms="11" started-at="2022-01-24T15:55:19Z" finished-at="2022-01-24T15:55:19Z">
    </test> <!-- Command line test -->
  </suite> <!-- pack1.AppTest -->
</testng-results>
