<?xml version="1.0" encoding="UTF-8"?>
<testng-results skipped="0" failed="0" ignored="0" total="1" passed="1">
  <reporter-output>
  </reporter-output>
  <suite name="Default suite" duration-ms="24881" started-at="2022-01-31T07:52:10Z" finished-at="2022-01-31T07:52:35Z">
    <groups>
    </groups>
    <test name="Default test" duration-ms="24881" started-at="2022-01-31T07:52:10Z" finished-at="2022-01-31T07:52:35Z">
      <class name="pack1.CloudTest">
        <test-method status="PASS" signature="test1()[pri:0, instance:pack1.CloudTest@52a86356]" name="test1" duration-ms="24793" started-at="2022-01-31T07:52:10Z" finished-at="2022-01-31T07:52:35Z">
          <reporter-output>
          </reporter-output>
        </test-method> <!-- test1 -->
      </class> <!-- pack1.CloudTest -->
    </test> <!-- Default test -->
  </suite> <!-- Default suite -->
</testng-results>
